<?xml version="1.0" encoding="UTF-8"?>
<testng-results skipped="0" failed="0" total="1" passed="1">
  <reporter-output>
  </reporter-output>
  <suite name="firstdemo.tests.FirstTest" duration-ms="15409" started-at="2016-06-22T06:38:11Z" finished-at="2016-06-22T06:38:26Z">
    <groups>
    </groups>
    <test name="Command line test" duration-ms="15409" started-at="2016-06-22T06:38:11Z" finished-at="2016-06-22T06:38:26Z">
      <class name="firstdemo.tests.FirstTest">
        <test-method status="PASS" signature="beforeTest()[pri:0, instance:firstdemo.tests.FirstTest@54697123]" name="beforeTest" is-config="true" duration-ms="10710" started-at="2016-06-22T12:08:11Z" finished-at="2016-06-22T12:08:21Z">
          <reporter-output>
          </reporter-output>
        </test-method> <!-- beforeTest -->
        <test-method status="PASS" signature="googleSearch()[pri:0, instance:firstdemo.tests.FirstTest@54697123]" name="googleSearch" duration-ms="4660" started-at="2016-06-22T12:08:21Z" finished-at="2016-06-22T12:08:26Z">
          <reporter-output>
          </reporter-output>
        </test-method> <!-- googleSearch -->
        <test-method status="PASS" signature="afterTest()[pri:0, instance:firstdemo.tests.FirstTest@54697123]" name="afterTest" is-config="true" duration-ms="28" started-at="2016-06-22T12:08:26Z" finished-at="2016-06-22T12:08:26Z">
          <reporter-output>
          </reporter-output>
        </test-method> <!-- afterTest -->
      </class> <!-- firstdemo.tests.FirstTest -->
    </test> <!-- Command line test -->
  </suite> <!-- firstdemo.tests.FirstTest -->
</testng-results>
